[2024/4/7 13:49:16]WebSocket服务成功安装
[2024/4/7 13:49:16]准备启动服务
[2024/4/7 13:49:16]WebSocket服务成功启动
[2024/4/11 16:19:42]准备启动服务
[2024/4/11 16:19:42]WebSocket服务成功启动
[2024/4/11 16:40:16]准备启动服务
[2024/4/11 16:40:16]WebSocket服务成功启动
[2024/4/13 16:6:22]准备启动服务
[2024/4/13 16:6:22]WebSocket服务成功启动
[2024/4/13 17:43:23]准备启动服务
[2024/4/13 17:43:23]WebSocket服务成功启动
[2024/4/14 16:16:59]准备启动服务
[2024/4/14 16:17:0]WebSocket服务成功启动
[2024/4/15 9:22:21]准备启动服务
[2024/4/15 9:22:21]WebSocket服务成功启动
[2024/4/20 13:56:14]准备启动服务
[2024/4/20 13:56:15]WebSocket服务成功启动
[2024/4/21 10:42:22]准备启动服务
[2024/4/21 10:42:22]WebSocket服务成功启动
[2024/4/22 9:7:17]准备启动服务
[2024/4/22 9:7:17]WebSocket服务成功启动
[2024/4/24 11:9:1]web端页面连接成功
[2024/4/24 11:9:7]web端页面连接成功
[2024/4/26 13:47:24]WebSocket服务已停止
[2024/4/26 13:47:24]WebSocket服务已停止
[2024/4/29 9:48:46]准备启动服务
[2024/4/29 9:48:46]WebSocket服务成功启动
[2024/4/29 16:35:8]web端页面连接成功
[2024/5/3 21:14:22]准备启动服务
[2024/5/3 21:14:22]WebSocket服务成功启动
[2024/5/5 15:47:19]准备启动服务
[2024/5/5 15:47:19]WebSocket服务成功启动
[2024/5/5 15:48:15]准备启动服务
[2024/5/5 15:48:15]WebSocket服务成功启动
